<?xml version="1.0" encoding="UTF-8"?>
<!-- Generated by org.testng.reporters.JUnitReportReporter -->
<testsuite hostname="Aanyas-World" name="com.acti.Testcase.TestCreatecustomer" tests="1" failures="0" timestamp="30 Apr 2020 21:33:02 GMT" time="20.526" errors="0">
  <testcase name="testcreatecustomer" time="20.526" classname="com.acti.Testcase.TestCreatecustomer"/>
</testsuite> <!-- com.acti.Testcase.TestCreatecustomer -->
