<?xml version="1.0" encoding="UTF-8"?>
<!-- Generated by org.testng.reporters.JUnitReportReporter -->
<testsuite hostname="Aanyas-World" name="com.acti.Testcase.LoginPageTest" tests="3" failures="0" timestamp="28 Apr 2020 20:47:29 GMT" time="39.182" errors="0">
  <testcase name="TestLoginpageTitle" time="12.391" classname="com.acti.Testcase.LoginPageTest"/>
  <testcase name="TestverifyActiveLogo" time="15.160" classname="com.acti.Testcase.LoginPageTest"/>
  <testcase name="TestvalidateLoginfunction" time="11.631" classname="com.acti.Testcase.LoginPageTest"/>
</testsuite> <!-- com.acti.Testcase.LoginPageTest -->
